<?xml version="1.0" encoding="UTF-8"?>
<testsuite name="bigproject.app.MessageUtilsTest" tests="2" skipped="0" failures="0" errors="0" timestamp="2023-08-26T15:01:52" hostname="DESKTOP-6T5IG1K" time="0.023">
  <properties/>
  <testcase name="testGetMessage()" classname="bigproject.app.MessageUtilsTest" time="0.02"/>
  <testcase name="testGetAge()" classname="bigproject.app.MessageUtilsTest" time="0.002"/>
  <system-out><![CDATA[Enter your Age:
Enter your Age:
]]></system-out>
  <system-err><![CDATA[]]></system-err>
</testsuite>
