<?xml version="1.0" encoding="UTF-8"?>
<testsuite name="bigproject.app.MessageUtilsTest" tests="1" skipped="0" failures="0" errors="0" timestamp="2023-08-23T12:30:59" hostname="shadow-blade" time="0.013">
  <properties/>
  <testcase name="testGetMessage()" classname="bigproject.app.MessageUtilsTest" time="0.013"/>
  <system-out><![CDATA[]]></system-out>
  <system-err><![CDATA[]]></system-err>
</testsuite>
